============================= test session starts =============================
platform win32 -- Python 3.12.7, pytest-8.3.3, pluggy-1.5.0 -- C:\Users\ogsvn\.python\Dev\django-sprint4\venv\Scripts\python.exe
django: version: 5.1.1, settings: blogicum.settings (from ini)
rootdir: C:\Users\ogsvn\.python\Dev\django-sprint4
configfile: pytest.ini
testpaths: tests/
plugins: Faker-12.0.1, django-4.9.0
collecting ... collected 26 items

tests/test_content.py::TestContent::test_unpublished Operations to perform:
  Synchronize unmigrated apps: django_bootstrap5, messages, staticfiles
  Apply all migrations: admin, auth, blog, contenttypes, sessions
Running pre-migrate handlers for application admin
Running pre-migrate handlers for application auth
Running pre-migrate handlers for application contenttypes
Running pre-migrate handlers for application sessions
Running pre-migrate handlers for application blog
Synchronizing apps without migrations:
  Creating tables...
    Running deferred SQL...
Running migrations:
  Applying contenttypes.0001_initial... OK (0.000s)
  Applying auth.0001_initial... OK (0.000s)
  Applying admin.0001_initial... OK (0.016s)
  Applying admin.0002_logentry_remove_auto_add... OK (0.000s)
  Applying admin.0003_logentry_add_action_flag_choices... OK (0.016s)
  Applying contenttypes.0002_remove_content_type_name... OK (0.000s)
  Applying auth.0002_alter_permission_name_max_length... OK (0.000s)
  Applying auth.0003_alter_user_email_max_length... OK (0.000s)
  Applying auth.0004_alter_user_username_opts... OK (0.015s)
  Applying auth.0005_alter_user_last_login_null... OK (0.016s)
  Applying auth.0006_require_contenttypes_0002... OK (0.000s)
  Applying auth.0007_alter_validators_add_error_messages... OK (0.000s)
  Applying auth.0008_alter_user_username_max_length... OK (0.000s)
  Applying auth.0009_alter_user_last_name_max_length... OK (0.000s)
  Applying auth.0010_alter_group_name_max_length... OK (0.015s)
  Applying auth.0011_update_proxy_permissions... OK (0.016s)
  Applying auth.0012_alter_user_first_name_max_length... OK (0.000s)
  Applying blog.0001_initial... OK (0.000s)
  Applying sessions.0001_initial... OK (0.000s)
Running post-migrate handlers for application admin
Adding content type 'admin | logentry'
Adding permission 'Permission object (1)'
Adding permission 'Permission object (2)'
Adding permission 'Permission object (3)'
Adding permission 'Permission object (4)'
Running post-migrate handlers for application auth
Adding content type 'auth | permission'
Adding content type 'auth | group'
Adding content type 'auth | user'
Adding permission 'Permission object (5)'
Adding permission 'Permission object (6)'
Adding permission 'Permission object (7)'
Adding permission 'Permission object (8)'
Adding permission 'Permission object (9)'
Adding permission 'Permission object (10)'
Adding permission 'Permission object (11)'
Adding permission 'Permission object (12)'
Adding permission 'Permission object (13)'
Adding permission 'Permission object (14)'
Adding permission 'Permission object (15)'
Adding permission 'Permission object (16)'
Running post-migrate handlers for application contenttypes
Adding content type 'contenttypes | contenttype'
Adding permission 'Permission object (17)'
Adding permission 'Permission object (18)'
Adding permission 'Permission object (19)'
Adding permission 'Permission object (20)'
Running post-migrate handlers for application sessions
Adding content type 'sessions | session'
Adding permission 'Permission object (21)'
Adding permission 'Permission object (22)'
Adding permission 'Permission object (23)'
Adding permission 'Permission object (24)'
Running post-migrate handlers for application blog
Adding content type 'blog | category'
Adding content type 'blog | location'
Adding content type 'blog | post'
Adding content type 'blog | comment'
Adding permission 'Permission object (25)'
Adding permission 'Permission object (26)'
Adding permission 'Permission object (27)'
Adding permission 'Permission object (28)'
Adding permission 'Permission object (29)'
Adding permission 'Permission object (30)'
Adding permission 'Permission object (31)'
Adding permission 'Permission object (32)'
Adding permission 'Permission object (33)'
Adding permission 'Permission object (34)'
Adding permission 'Permission object (35)'
Adding permission 'Permission object (36)'
Adding permission 'Permission object (37)'
Adding permission 'Permission object (38)'
Adding permission 'Permission object (39)'
Adding permission 'Permission object (40)'
PASSED
tests/test_content.py::TestContent::test_only_own_pubs_in_category PASSED
tests/test_content.py::TestContent::test_only_own_pubs_in_profile PASSED
tests/test_content.py::TestContent::test_unpublished_category PASSED
tests/test_content.py::TestContent::test_future_posts PASSED
tests/test_content.py::TestContent::test_pagination PASSED
tests/test_content.py::TestContent::test_image_visible PASSED
tests/test_err_pages.py::test_custom_err_handlers PASSED
tests/test_users.py::test_custom_err_handlers PASSED
tests/test_users.py::test_profile PASSED
tests/test_comment.py::test_comment_created_at PASSED
tests/test_comment.py::test_comment PASSED
tests/test_comment.py::test_404_on_comment_deleted_post PASSED
tests/test_post.py::test_post_created_at PASSED
tests/test_post.py::test_post PASSED
tests/test_comment.py::TestCommentModelAttrs::test_model_attrs[`post` field] <- tests\conftest.py PASSED
tests/test_comment.py::TestCommentModelAttrs::test_model_attrs[`author` field] <- tests\conftest.py PASSED
tests/test_comment.py::TestCommentModelAttrs::test_model_attrs[`text` field] <- tests\conftest.py PASSED
tests/test_comment.py::TestCommentModelAttrs::test_model_attrs[`created_at` field] <- tests\conftest.py PASSED
tests/test_comment.py::test_link_order_in_comment_template PASSED
tests/test_emails.py::test_gitignore PASSED
tests/test_emails.py::test_email_backend_settings PASSED
tests/test_err_pages.py::test_csrf_failure_view PASSED
tests/test_post.py::TestPostModelAttrs::test_model_attrs[`image` field] <- tests\conftest.py PASSED
tests/test_post.py::TestPostModelAttrs::test_model_attrs[`pub_date` field] <- tests\conftest.py PASSED
tests/test_static_pages.py::test_static_pages_as_cbv PASSED

============================= 26 passed in 2.81s ==============================
